<?xml version="1.0" encoding="UTF-8"?>
<!-- Generated by org.testng.reporters.JUnitReportReporter -->
<testsuite hostname="DESKTOP-F6HM3TR" failures="0" tests="1" name="distributionExecution.FifthTest" time="0.008" errors="0" timestamp="2023-01-23T15:02:07 IST" skipped="0">
  <testcase classname="distributionExecution.FifthTest" name="demo" time="0.008"/>
  <system-out>
    <![CDATA[FifthTest]]>
  </system-out>
</testsuite> <!-- distributionExecution.FifthTest -->
