<?xml version="1.0" encoding="UTF-8"?>
<!-- Generated by org.testng.reporters.JUnitReportReporter -->
<testsuite hostname="DESKTOP-F6HM3TR" failures="0" tests="1" name="distributionExecution.SecondTest" time="0.003" errors="0" timestamp="2023-01-23T15:02:07 IST" skipped="0">
  <testcase classname="distributionExecution.SecondTest" name="demo" time="0.003"/>
  <system-out>
    <![CDATA[SecondTest]]>
  </system-out>
</testsuite> <!-- distributionExecution.SecondTest -->
