<?xml version="1.0" encoding="UTF-8"?>
<!-- Generated by org.testng.reporters.JUnitReportReporter -->
<testsuite hostname="DESKTOP-F6HM3TR" failures="0" tests="1" name="batchExecution.FourthTest" time="0.005" errors="0" timestamp="2023-01-22T19:07:59 IST" skipped="0">
  <testcase classname="batchExecution.FourthTest" name="demo" time="0.005"/>
  <system-out>
    <![CDATA[FourthTest]]>
  </system-out>
</testsuite> <!-- batchExecution.FourthTest -->
