<?xml version="1.0" encoding="UTF-8"?>
<!-- Generated by org.testng.reporters.JUnitReportReporter -->
<testsuite hostname="DESKTOP-F6HM3TR" failures="0" tests="1" name="batchExecution.FifthTest" time="0.020" errors="0" timestamp="2023-01-22T19:07:59 IST" skipped="0">
  <testcase classname="batchExecution.FifthTest" name="demo" time="0.020"/>
  <system-out>
    <![CDATA[FifthClass]]>
  </system-out>
</testsuite> <!-- batchExecution.FifthTest -->
