<?xml version="1.0" encoding="UTF-8"?>
<!-- Generated by org.testng.reporters.JUnitReportReporter -->
<testsuite hostname="DESKTOP-F6HM3TR" failures="0" tests="1" name="distributionExecution.FourthTest" time="0.027" errors="0" timestamp="2023-01-23T15:02:07 IST" skipped="0">
  <testcase classname="distributionExecution.FourthTest" name="demo" time="0.027"/>
  <system-out>
    <![CDATA[FourthTest]]>
  </system-out>
</testsuite> <!-- distributionExecution.FourthTest -->
