<?xml version="1.0" encoding="UTF-8"?>
<!-- Generated by org.testng.reporters.JUnitReportReporter -->
<testsuite hostname="DESKTOP-F6HM3TR" failures="0" tests="1" name="distributionExecution.FirstTest" time="0.018" errors="0" timestamp="2023-01-23T15:02:07 IST" skipped="0">
  <testcase classname="distributionExecution.FirstTest" name="demo" time="0.018"/>
  <system-out>
    <![CDATA[FirstTest]]>
  </system-out>
</testsuite> <!-- distributionExecution.FirstTest -->
