<?xml version="1.0" encoding="UTF-8"?>
<!-- Generated by org.testng.reporters.JUnitReportReporter -->
<testsuite hostname="DESKTOP-F6HM3TR" failures="0" tests="1" name="batchExecution.FirstTest" time="0.010" errors="0" timestamp="2023-01-21T11:27:41 IST" skipped="0">
  <testcase classname="batchExecution.FirstTest" name="demo" time="0.010"/>
  <system-out>
    <![CDATA[FirstTest]]>
  </system-out>
</testsuite> <!-- batchExecution.FirstTest -->
