<?xml version="1.0" encoding="UTF-8"?>
<!-- Generated by org.testng.reporters.JUnitReportReporter -->
<testsuite hostname="DESKTOP-F6HM3TR" failures="0" tests="1" name="batchExecution.SecondTest" time="0.005" errors="0" timestamp="2023-01-21T11:27:41 IST" skipped="0">
  <testcase classname="batchExecution.SecondTest" name="demo" time="0.005"/>
  <system-out>
    <![CDATA[SecondTest]]>
  </system-out>
</testsuite> <!-- batchExecution.SecondTest -->
